2025-01-20 11:02:36 INFO  - HV000001: Hibernate Validator 8.0.2.Final
2025-01-20 11:02:36 INFO  - Starting SchoolAppApplication using Java 17.0.10 with PID 69079 (/Users/vasiliskr/1.JavaProjectsCodingFactory/spring-rest/build/classes/java/main started by vasiliskr in /Users/vasiliskr/1.JavaProjectsCodingFactory/spring-rest)
2025-01-20 11:02:36 INFO  - The following 1 profile is active: "test"
2025-01-20 11:02:38 INFO  - Bootstrapping Spring Data JPA repositories in DEFAULT mode.
2025-01-20 11:02:39 INFO  - Finished Spring Data repository scanning in 162 ms. Found 6 JPA repository interfaces.
2025-01-20 11:02:40 INFO  - Tomcat initialized with port 8080 (http)
2025-01-20 11:02:40 INFO  - Root WebApplicationContext: initialization completed in 3599 ms
2025-01-20 11:02:41 INFO  - HHH000412: Hibernate ORM core version 6.6.4.Final
2025-01-20 11:02:41 INFO  - HHH000026: Second-level cache disabled
2025-01-20 11:02:41 INFO  - No LoadTimeWeaver setup: ignoring JPA class transformer
2025-01-20 11:02:42 INFO  - HHH10001005: Database info:
	Database JDBC URL [Connecting through datasource 'HikariDataSource (HikariPool-1)']
	Database driver: undefined/unknown
	Database version: 8.0.39
	Autocommit mode: undefined/unknown
	Isolation level: undefined/unknown
	Minimum pool size: undefined/unknown
	Maximum pool size: undefined/unknown
2025-01-20 11:02:44 INFO  - HHH000489: No JTA platform available (set 'hibernate.transaction.jta.platform' to enable JTA platform integration)
2025-01-20 11:02:45 INFO  - Initialized JPA EntityManagerFactory for persistence unit 'default'
2025-01-20 11:02:45 INFO  - Global AuthenticationManager configured with UserDetailsService bean with name customUserDetailsService
2025-01-20 11:02:46 WARN  - spring.jpa.open-in-view is enabled by default. Therefore, database queries may be performed during view rendering. Explicitly configure spring.jpa.open-in-view to disable this warning
2025-01-20 11:02:46 WARN  - One of the patterns in [api/employees/**] is missing a leading slash. This is discouraged; please include the leading slash in all your request matcher patterns. In future versions of Spring Security, leaving out the leading slash will result in an exception.
2025-01-20 11:02:47 INFO  - Tomcat started on port 8080 (http) with context path '/'
2025-01-20 11:02:47 INFO  - Started SchoolAppApplication in 11.63 seconds (process running for 12.514)
2025-01-20 11:04:08 INFO  - Commencing graceful shutdown. Waiting for active requests to complete
2025-01-20 11:04:10 INFO  - Graceful shutdown complete
2025-01-20 11:04:10 INFO  - Closing JPA EntityManagerFactory for persistence unit 'default'
2025-01-20 13:28:58 INFO  - HV000001: Hibernate Validator 8.0.2.Final
2025-01-20 13:28:58 INFO  - Starting SchoolAppApplication using Java 17.0.10 with PID 71466 (/Users/vasiliskr/1.JavaProjectsCodingFactory/spring-rest/build/classes/java/main started by vasiliskr in /Users/vasiliskr/1.JavaProjectsCodingFactory/spring-rest)
2025-01-20 13:28:58 INFO  - The following 1 profile is active: "test"
2025-01-20 13:28:59 INFO  - Bootstrapping Spring Data JPA repositories in DEFAULT mode.
2025-01-20 13:28:59 INFO  - Finished Spring Data repository scanning in 101 ms. Found 6 JPA repository interfaces.
2025-01-20 13:29:00 INFO  - Tomcat initialized with port 8080 (http)
2025-01-20 13:29:00 INFO  - Root WebApplicationContext: initialization completed in 2367 ms
2025-01-20 13:29:00 INFO  - HHH000412: Hibernate ORM core version 6.6.4.Final
2025-01-20 13:29:00 INFO  - HHH000026: Second-level cache disabled
2025-01-20 13:29:01 INFO  - No LoadTimeWeaver setup: ignoring JPA class transformer
2025-01-20 13:29:01 INFO  - HHH10001005: Database info:
	Database JDBC URL [Connecting through datasource 'HikariDataSource (HikariPool-1)']
	Database driver: undefined/unknown
	Database version: 8.0.39
	Autocommit mode: undefined/unknown
	Isolation level: undefined/unknown
	Minimum pool size: undefined/unknown
	Maximum pool size: undefined/unknown
2025-01-20 13:29:03 INFO  - HHH000489: No JTA platform available (set 'hibernate.transaction.jta.platform' to enable JTA platform integration)
2025-01-20 13:29:03 INFO  - Initialized JPA EntityManagerFactory for persistence unit 'default'
2025-01-20 13:29:03 INFO  - Global AuthenticationManager configured with UserDetailsService bean with name customUserDetailsService
2025-01-20 13:29:04 WARN  - spring.jpa.open-in-view is enabled by default. Therefore, database queries may be performed during view rendering. Explicitly configure spring.jpa.open-in-view to disable this warning
2025-01-20 13:29:04 INFO  - Tomcat started on port 8080 (http) with context path '/'
2025-01-20 13:29:04 INFO  - Started SchoolAppApplication in 7.699 seconds (process running for 8.304)
2025-01-20 13:55:00 INFO  - Commencing graceful shutdown. Waiting for active requests to complete
2025-01-20 13:55:02 INFO  - Graceful shutdown complete
2025-01-20 13:55:02 INFO  - Closing JPA EntityManagerFactory for persistence unit 'default'
